NV_Warning: Counter 'warp_execution_efficiency' is not compatible with other selected counters and it cannot be profiled in this run.
NV_Warning: Counter 'l1_cache_global_hit_rate' is not compatible with other selected counters and it cannot be profiled in this run.
NV_Warning: Counter 'l1_cache_local_hit_rate' is not compatible with other selected counters and it cannot be profiled in this run.
NV_Warning: Counter 'ipc' is not compatible with other selected counters and it cannot be profiled in this run.
# CUDA_PROFILE_LOG_VERSION 2.0
# CUDA_DEVICE 0 Tesla X2070
# CUDA_CONTEXT 1
# CUDA_PROFILE_CSV 1
# TIMESTAMPFACTOR 146f48bf200dd6a9
gpustarttimestamp,method,gputime,cputime,gridsizeX,gridsizeY,occupancy,streamid
148a02143ab83400,_Z23cudakernel_MemsetDoublePddd,7257.344,8.750,42,1,1.000,12
148a02143b374400,_Z46cudakernel_Initialize_F_boundary_fi_horizontalPd19ProcComputingCoordsddddi,3.072,11.667,10,1,0.667,12
148a02143b376c00,_Z46cudakernel_Initialize_F_boundary_fi_horizontalPd19ProcComputingCoordsddddi,2.560,3.811,10,1,0.667,16
148a02143b377f00,_Z46cudakernel_Initialize_F_boundary_fi_horizontalPd19ProcComputingCoordsddddi,2.560,2.953,10,1,0.667,13
148a02143b379600,_Z46cudakernel_Initialize_F_boundary_fi_horizontalPd19ProcComputingCoordsddddi,2.304,3.070,10,1,0.667,17
148a02143b37b100,_Z44cudakernel_Initialize_F_boundary_fi_verticalPd19ProcComputingCoordsddddi,16.128,4.596,10,1,0.667,14
148a02143b37c400,_Z44cudakernel_Initialize_F_boundary_fi_verticalPd19ProcComputingCoordsddddi,22.272,3.061,10,1,0.667,18
148a02143b37d700,_Z44cudakernel_Initialize_F_boundary_fi_verticalPd19ProcComputingCoordsddddi,26.368,2.863,10,1,0.667,15
148a02143b37ef00,_Z44cudakernel_Initialize_F_boundary_fi_verticalPd19ProcComputingCoordsddddi,24.832,2.918,10,1,0.667,19
148a02143b3cd400,_Z23cudakernel_MemsetDoublePddd,2.816,7.122,10,1,1.000,12
148a02143b3ce900,_Z23cudakernel_MemsetDoublePddd,1.792,3.333,10,1,1.000,13
148a02143b3d0100,_Z42cudakernel_Initialize_F_with_zero_verticalPdii,16.384,3.262,10,1,1.000,14
148a02143b3d1200,_Z42cudakernel_Initialize_F_with_zero_verticalPdii,12.032,2.774,10,1,1.000,15
148a02143b414300,_Z23cudakernel_MemsetDoublePddd,1.792,6.906,10,1,1.000,12
148a02143b415600,_Z23cudakernel_MemsetDoublePddd,1.280,3.225,10,1,1.000,13
148a02143b416c00,_Z42cudakernel_Initialize_F_with_zero_verticalPdii,15.872,3.071,10,1,1.000,14
148a02143b417e00,_Z42cudakernel_Initialize_F_with_zero_verticalPdii,11.264,2.880,10,1,1.000,15
148a02143b457600,_Z23cudakernel_MemsetDoublePddd,1.792,6.481,10,1,1.000,12
148a02143b458800,_Z23cudakernel_MemsetDoublePddd,1.792,3.139,10,1,1.000,13
148a02143b459d00,_Z42cudakernel_Initialize_F_with_zero_verticalPdii,16.384,2.966,10,1,1.000,14
148a02143b45b000,_Z42cudakernel_Initialize_F_with_zero_verticalPdii,11.520,3.228,10,1,1.000,15
148a02143b49a000,_Z23cudakernel_MemsetDoublePddd,1.536,6.357,10,1,1.000,12
148a02143b49b100,_Z23cudakernel_MemsetDoublePddd,2.304,3.074,10,1,1.000,13
148a02143b49c800,_Z42cudakernel_Initialize_F_with_zero_verticalPdii,15.872,3.239,10,1,1.000,14
148a02143b49d900,_Z42cudakernel_Initialize_F_with_zero_verticalPdii,12.544,2.905,10,1,1.000,15
148a02143b4dbe00,_Z23cudakernel_MemsetDoublePddd,1.792,6.325,10,1,1.000,12
148a02143b4dd100,_Z23cudakernel_MemsetDoublePddd,1.792,3.401,10,1,1.000,13
148a02143b4de600,_Z42cudakernel_Initialize_F_with_zero_verticalPdii,16.384,2.966,10,1,1.000,14
148a02143b4df800,_Z42cudakernel_Initialize_F_with_zero_verticalPdii,12.032,2.906,10,1,1.000,15
148a02143b5ca500,_Z50cudakernel_Counting_5_star_Memcpy_vertical_messagePdPKdii,19.456,8.477,10,1,1.000,13
148a02143b5cc500,_Z50cudakernel_Counting_5_star_Memcpy_vertical_messagePdPKdii,12.544,3.527,10,1,1.000,14
148a02143b5d6c40,memcpyDtoHasync,9.984,6.826,,,,15
148a02143b5da020,memcpyDtoHasync,10.336,3.483,,,,16
148a02143b5dfa00,_Z34cudakernel_Counting_5_star_insidesPdPKd19ProcComputingCoordsdd,17224.447,6.191,42,1,0.333,12
148a02143c0cde00,_Z38cudakernel_Counting_5_star_nxm_cornersPdPKdS1_S1_S1_S1_19ProcComputingCoordsdd,4.608,8.104,1,1,0.167,21
148a02143c696b00,_Z20cudakernel_Compute_rPdPKdi19ProcComputingCoordsdddd,6949.888,7.952,42,1,0.333,12
148a02143cd73d00,_Z50cudakernel_Counting_5_star_Memcpy_vertical_messagePdPKdii,14.592,7.205,10,1,1.000,13
148a02143cd75600,_Z50cudakernel_Counting_5_star_Memcpy_vertical_messagePdPKdii,10.752,3.605,10,1,1.000,14
148a02143cd77de0,memcpyDtoHasync,14.816,4.977,,,,15
148a02143cd7c4c0,memcpyDtoHasync,10.944,3.143,,,,16
148a02143cd7b100,_Z34cudakernel_Counting_5_star_insidesPdPKd19ProcComputingCoordsdd,14013.184,3.605,42,1,0.333,12
148a02143d664f00,_Z38cudakernel_Counting_5_star_nxm_cornersPdPKdS1_S1_S1_S1_19ProcComputingCoordsdd,6.400,3.182,1,1,0.167,21
148a02143dbaa900,_Z31cudakernel_PrepareScalarProductPdPKdS1_id19ProcComputingCoords,5661.440,7.681,42,1,0.667,1
148a02143e111300,_Z21cudakernel_ComputeSumPdPKdii,2305.536,3.517,42,1,1.000,1
148a02143e344700,_Z21cudakernel_ComputeSumPdPKdii,4.608,2.685,1,1,0.333,1
148a02143e3465c0,memcpyDtoH,2.432,7940.299,,,,1
148a02143e3ffb00,_Z31cudakernel_PrepareScalarProductPdPKdS1_id19ProcComputingCoords,8505.344,7.424,42,1,0.667,1
148a02143ec1ca00,_Z21cudakernel_ComputeSumPdPKdii,2315.008,3.192,42,1,1.000,1
148a02143ee52300,_Z21cudakernel_ComputeSumPdPKdii,4.608,2.705,1,1,0.333,1
148a02143ee541a0,memcpyDtoH,2.016,10826.104,,,,1
148a02143ee90600,_Z20cudakernel_Compute_pPdPKdS1_id19ProcComputingCoords,10724.864,7.432,42,1,0.667,12
148a02143f907b00,_Z30cudakernel_PrepareStopCriteriaPdPKdS1_i19ProcComputingCoords,8453.632,6.814,42,1,0.667,1
148a021440118000,_Z21cudakernel_ComputeMaxPdPKdii,2314.240,3.228,42,1,1.000,1
148a02144034d600,_Z21cudakernel_ComputeMaxPdPKdii,4.608,2.962,1,1,0.333,1
148a02144034f5a0,memcpyDtoH,1.728,10773.123,,,,1
148a021440413e00,_Z50cudakernel_Counting_5_star_Memcpy_vertical_messagePdPKdii,13.056,7.689,10,1,1.000,13
148a021440415800,_Z50cudakernel_Counting_5_star_Memcpy_vertical_messagePdPKdii,9.472,3.447,10,1,1.000,14
148a021440418220,memcpyDtoHasync,13.152,5.204,,,,15
148a02144041c260,memcpyDtoHasync,10.848,3.331,,,,16
148a02144041b600,_Z34cudakernel_Counting_5_star_insidesPdPKd19ProcComputingCoordsdd,14083.072,3.885,42,1,0.333,12
148a021440d0d000,_Z38cudakernel_Counting_5_star_nxm_cornersPdPKdS1_S1_S1_S1_19ProcComputingCoordsdd,6.400,3.194,1,1,0.167,21
148a0214411cd600,_Z20cudakernel_Compute_rPdPKdi19ProcComputingCoordsdddd,6988.800,7.152,42,1,0.333,12
148a0214418b0000,_Z50cudakernel_Counting_5_star_Memcpy_vertical_messagePdPKdii,13.312,6.869,10,1,1.000,13
148a0214418b1c00,_Z50cudakernel_Counting_5_star_Memcpy_vertical_messagePdPKdii,9.472,3.344,10,1,1.000,14
148a0214418b3fe0,memcpyDtoHasync,14.848,4.980,,,,15
148a0214418b8760,memcpyDtoHasync,10.176,3.115,,,,16
148a0214418b7200,_Z34cudakernel_Counting_5_star_insidesPdPKd19ProcComputingCoordsdd,14055.424,3.595,42,1,0.333,12
148a0214421a3500,_Z38cudakernel_Counting_5_star_nxm_cornersPdPKdS1_S1_S1_S1_19ProcComputingCoordsdd,5.632,3.565,1,1,0.167,21
148a021442661600,_Z31cudakernel_PrepareScalarProductPdPKdS1_id19ProcComputingCoords,8579.584,6.515,42,1,0.667,1
148a021442e90600,_Z21cudakernel_ComputeSumPdPKdii,2312.960,2.838,42,1,1.000,1
148a0214430c5600,_Z21cudakernel_ComputeSumPdPKdii,4.864,2.958,1,1,0.333,1
148a0214430c75a0,memcpyDtoH,1.696,10898.097,,,,1
148a021443107900,_Z20cudakernel_Compute_gPdPKdid19ProcComputingCoords,8747.008,7.092,42,1,0.667,12
148a02144399ac00,_Z50cudakernel_Counting_5_star_Memcpy_vertical_messagePdPKdii,14.080,6.893,10,1,1.000,13
148a02144399c400,_Z50cudakernel_Counting_5_star_Memcpy_vertical_messagePdPKdii,10.240,3.183,10,1,1.000,14
148a02144399e9e0,memcpyDtoHasync,15.296,4.905,,,,15
148a0214439a32a0,memcpyDtoHasync,9.792,3.136,,,,16
148a0214439a1d00,_Z34cudakernel_Counting_5_star_insidesPdPKd19ProcComputingCoordsdd,14033.664,3.550,42,1,0.333,12
148a02144428ba00,_Z38cudakernel_Counting_5_star_nxm_cornersPdPKdS1_S1_S1_S1_19ProcComputingCoordsdd,5.376,3.154,1,1,0.167,21
148a021444746e00,_Z31cudakernel_PrepareScalarProductPdPKdS1_id19ProcComputingCoords,8487.168,6.369,42,1,0.667,1
148a021444f5f600,_Z21cudakernel_ComputeSumPdPKdii,2313.216,2.909,42,1,1.000,1
148a021445194800,_Z21cudakernel_ComputeSumPdPKdii,4.864,3.008,1,1,0.333,1
148a021445196740,memcpyDtoH,1.696,10805.704,,,,1
148a0214451d4400,_Z31cudakernel_PrepareScalarProductPdPKdS1_id19ProcComputingCoords,8502.528,6.380,42,1,0.667,1
148a0214459f0800,_Z21cudakernel_ComputeSumPdPKdii,2303.232,2.973,42,1,1.000,1
148a021445c23200,_Z21cudakernel_ComputeSumPdPKdii,4.864,2.934,1,1,0.333,1
148a021445c251a0,memcpyDtoH,1.696,10811.222,,,,1
148a021445c60200,_Z20cudakernel_Compute_pPdPKdS1_id19ProcComputingCoords,10951.680,6.847,42,1,0.667,12
148a02144670a400,_Z30cudakernel_PrepareStopCriteriaPdPKdS1_i19ProcComputingCoords,8488.704,6.221,42,1,0.667,1
148a021446f23300,_Z21cudakernel_ComputeMaxPdPKdii,2333.696,2.864,42,1,1.000,1
148a02144715d500,_Z21cudakernel_ComputeMaxPdPKdii,4.864,2.662,1,1,0.333,1
148a02144715f4a0,memcpyDtoH,1.696,10828.920,,,,1
148a02144719a100,_Z50cudakernel_Counting_5_star_Memcpy_vertical_messagePdPKdii,14.080,6.675,10,1,1.000,13
148a02144719be00,_Z50cudakernel_Counting_5_star_Memcpy_vertical_messagePdPKdii,10.496,3.193,10,1,1.000,14
148a02144719e060,memcpyDtoHasync,16.864,4.880,,,,15
148a0214471a2f40,memcpyDtoHasync,10.176,3.306,,,,16
148a0214471a1000,_Z34cudakernel_Counting_5_star_insidesPdPKd19ProcComputingCoordsdd,14066.688,3.575,42,1,0.333,12
148a021447a91f00,_Z38cudakernel_Counting_5_star_nxm_cornersPdPKdS1_S1_S1_S1_19ProcComputingCoordsdd,5.120,3.170,1,1,0.167,21
148a021447f4e800,_Z20cudakernel_Compute_rPdPKdi19ProcComputingCoordsdddd,6990.848,7.137,42,1,0.333,12
148a021448631e00,_Z50cudakernel_Counting_5_star_Memcpy_vertical_messagePdPKdii,13.568,6.810,10,1,1.000,13
148a021448633600,_Z50cudakernel_Counting_5_star_Memcpy_vertical_messagePdPKdii,10.496,3.297,10,1,1.000,14
148a021448635c40,memcpyDtoHasync,14.560,4.793,,,,15
148a02144863a220,memcpyDtoHasync,9.696,3.121,,,,16
148a021448638e00,_Z34cudakernel_Counting_5_star_insidesPdPKd19ProcComputingCoordsdd,14088.960,3.607,42,1,0.333,12
148a021448f2f500,_Z38cudakernel_Counting_5_star_nxm_cornersPdPKdS1_S1_S1_S1_19ProcComputingCoordsdd,5.376,3.170,1,1,0.167,21
148a0214493eca00,_Z31cudakernel_PrepareScalarProductPdPKdS1_id19ProcComputingCoords,8481.536,6.428,42,1,0.667,1
148a021449c03c00,_Z21cudakernel_ComputeSumPdPKdii,2316.288,2.880,42,1,1.000,1
148a021449e39900,_Z21cudakernel_ComputeSumPdPKdii,4.864,2.729,1,1,0.333,1
148a021449e3b8a0,memcpyDtoH,1.728,10804.003,,,,1
148a021449e78100,_Z20cudakernel_Compute_gPdPKdid19ProcComputingCoords,8654.080,6.704,42,1,0.667,12
148a02144a6f1400,_Z50cudakernel_Counting_5_star_Memcpy_vertical_messagePdPKdii,14.848,6.936,10,1,1.000,13
148a02144a6f2c00,_Z50cudakernel_Counting_5_star_Memcpy_vertical_messagePdPKdii,11.520,3.171,10,1,1.000,14
148a02144a6f5280,memcpyDtoHasync,15.168,4.840,,,,15
148a02144a6f9ae0,memcpyDtoHasync,9.728,3.036,,,,16
148a02144a6f8300,_Z34cudakernel_Counting_5_star_insidesPdPKd19ProcComputingCoordsdd,14084.864,3.538,42,1,0.333,12
148a02144aff1000,_Z38cudakernel_Counting_5_star_nxm_cornersPdPKdS1_S1_S1_S1_19ProcComputingCoordsdd,4.864,3.139,1,1,0.167,21
148a02144b4abe00,_Z31cudakernel_PrepareScalarProductPdPKdS1_id19ProcComputingCoords,8713.728,6.614,42,1,0.667,1
148a02144bcfbb00,_Z21cudakernel_ComputeSumPdPKdii,2309.120,2.894,42,1,1.000,1
148a02144bf2fc00,_Z21cudakernel_ComputeSumPdPKdii,4.864,2.669,1,1,0.333,1
148a02144bf31b80,memcpyDtoH,1.728,11028.697,,,,1
148a02144bf6c800,_Z31cudakernel_PrepareScalarProductPdPKdS1_id19ProcComputingCoords,8614.912,6.204,42,1,0.667,1
148a02144c7a4300,_Z21cudakernel_ComputeSumPdPKdii,2302.464,2.967,42,1,1.000,1
148a02144c9d6b00,_Z21cudakernel_ComputeSumPdPKdii,4.864,2.651,1,1,0.333,1
148a02144c9d8b20,memcpyDtoH,1.696,10924.051,,,,1
148a02144ca14c00,_Z20cudakernel_Compute_pPdPKdS1_id19ProcComputingCoords,10935.040,6.761,42,1,0.667,12
148a02144d4baf00,_Z30cudakernel_PrepareStopCriteriaPdPKdS1_i19ProcComputingCoords,8631.040,6.587,42,1,0.667,1
148a02144dcf6900,_Z21cudakernel_ComputeMaxPdPKdii,2302.720,2.913,42,1,1.000,1
148a02144df29100,_Z21cudakernel_ComputeMaxPdPKdii,4.864,2.668,1,1,0.333,1
148a02144df2b160,memcpyDtoH,1.696,10939.450,,,,1
148a021452ebc720,memcpyDtoH,32052.863,32074.035,,,,1
